<?xml version="1.0" encoding="UTF-8"?>
<testng-results skipped="0" failed="0" ignored="0" total="1" passed="1">
  <reporter-output>
  </reporter-output>
  <suite name="Default suite" duration-ms="30049" started-at="2020-05-27T09:41:31Z" finished-at="2020-05-27T09:42:01Z">
    <groups>
    </groups>
    <test name="Default test" duration-ms="30049" started-at="2020-05-27T09:41:31Z" finished-at="2020-05-27T09:42:01Z">
      <class name="com.practice.WebdriverManagerTest">
        <test-method status="PASS" signature="Setup()[pri:0, instance:com.practice.WebdriverManagerTest@491cc5c9]" name="Setup" is-config="true" duration-ms="23006" started-at="2020-05-27T09:41:31Z" finished-at="2020-05-27T09:41:54Z">
          <reporter-output>
          </reporter-output>
        </test-method> <!-- Setup -->
        <test-method status="PASS" signature="Testing()[pri:0, instance:com.practice.WebdriverManagerTest@491cc5c9]" name="Testing" duration-ms="6015" started-at="2020-05-27T09:41:54Z" finished-at="2020-05-27T09:42:00Z">
          <reporter-output>
          </reporter-output>
        </test-method> <!-- Testing -->
        <test-method status="PASS" signature="teardown()[pri:0, instance:com.practice.WebdriverManagerTest@491cc5c9]" name="teardown" is-config="true" duration-ms="977" started-at="2020-05-27T09:42:00Z" finished-at="2020-05-27T09:42:01Z">
          <reporter-output>
          </reporter-output>
        </test-method> <!-- teardown -->
      </class> <!-- com.practice.WebdriverManagerTest -->
    </test> <!-- Default test -->
  </suite> <!-- Default suite -->
</testng-results>
